<?xml version="1.0" encoding="UTF-8"?>
<!-- Generated by org.testng.reporters.JUnitReportReporter -->
<testsuite hostname="DESKTOP-QLMVHUQ" failures="0" tests="6" name="Testcases.DsahPageTest" time="96.988" errors="0" timestamp="2022-04-14T20:19:21 GMT-11:00" skipped="4">
  <testcase classname="Testcases.DsahPageTest" name="buyShareTest" time="67.378"/>
  <system-out/>
  <testcase classname="Testcases.DsahPageTest" name="validateOrderIconTest" time="29.610"/>
  <system-out/>
  <testcase classname="Testcases.DsahPageTest" name="validateuserFullnameTest">
    <skipped/>
  </testcase> <!-- validateuserFullnameTest -->
  <system-out/>
  <testcase classname="Testcases.DsahPageTest" name="valiateusernameBoxTest">
    <skipped/>
  </testcase> <!-- valiateusernameBoxTest -->
  <system-out/>
  <testcase classname="Testcases.DsahPageTest" name="validateuserEmailTest">
    <skipped/>
  </testcase> <!-- validateuserEmailTest -->
  <system-out/>
  <testcase classname="Testcases.DsahPageTest" name="validatenickNameTest">
    <skipped/>
  </testcase> <!-- validatenickNameTest -->
  <system-out/>
</testsuite> <!-- Testcases.DsahPageTest -->
