<?xml version="1.0" encoding="UTF-8"?>
<!-- Generated by org.testng.reporters.JUnitReportReporter -->
<testsuite hostname="DESKTOP-QLMVHUQ" failures="0" tests="4" name="Testcases.LoginPageTest" time="41.411" errors="0" timestamp="2022-04-14T16:01:50 GMT-11:00" skipped="3">
  <testcase classname="Testcases.LoginPageTest" name="loginZerodhaAccountTest" time="41.411"/>
  <system-out/>
  <testcase classname="Testcases.LoginPageTest" name="validateKiteLogoTest">
    <skipped/>
  </testcase> <!-- validateKiteLogoTest -->
  <system-out/>
  <testcase classname="Testcases.LoginPageTest" name="validateLoginPageTitleTest">
    <skipped/>
  </testcase> <!-- validateLoginPageTitleTest -->
  <system-out/>
  <testcase classname="Testcases.LoginPageTest" name="validatezerodhaLogoTest">
    <skipped/>
  </testcase> <!-- validatezerodhaLogoTest -->
  <system-out/>
</testsuite> <!-- Testcases.LoginPageTest -->
